<?xml version="1.0" encoding="UTF-8"?>
<!-- Generated by org.testng.reporters.JUnitXMLReporter -->
<testsuite ignored="0" hostname="DESKTOP-1HICKEJ" failures="0" tests="3" name="Test" time="0.09" errors="0" timestamp="2020-09-05T11:45:16 CEST">
  <testcase classname="e2EProject.FormValidationTest" name="@BeforeTest initialtrig" time="0.048">
    <failure type="java.lang.IllegalStateException" message="The driver executable does not exist: C:\Users\Ar_Richya\Downloads\chromedriver_win32\chromedriver.exe">
      <![CDATA[java.lang.IllegalStateException: The driver executable does not exist: C:\Users\Ar_Richya\Downloads\chromedriver_win32\chromedriver.exe
at com.google.common.base.Preconditions.checkState(Preconditions.java:585)
at org.openqa.selenium.remote.service.DriverService.checkExecutable(DriverService.java:146)
at org.openqa.selenium.remote.service.DriverService.findExecutable(DriverService.java:141)
at org.openqa.selenium.chrome.ChromeDriverService.access$000(ChromeDriverService.java:35)
at org.openqa.selenium.chrome.ChromeDriverService$Builder.findDefaultExecutable(ChromeDriverService.java:159)
at org.openqa.selenium.remote.service.DriverService$Builder.build(DriverService.java:355)
at org.openqa.selenium.chrome.ChromeDriverService.createDefaultService(ChromeDriverService.java:94)
at org.openqa.selenium.chrome.ChromeDriver.<init>(ChromeDriver.java:123)
at e2EProject.initializeDriver.base(initializeDriver.java:34)
at e2EProject.FormValidationTest.initialtrig(FormValidationTest.java:14)
... Removed 24 stack frames]]>
    </failure>
  </testcase> <!-- @BeforeTest initialtrig -->
  <testcase classname="e2EProject.SalesPageTest" name="@BeforeTest initialtrig" time="-1.599299116492E9">
    <skipped/>
  </testcase> <!-- @BeforeTest initialtrig -->
  <testcase classname="e2EProject.FormValidationTest" name="@AfterTest drop" time="-1.599299116522E9">
    <skipped/>
  </testcase> <!-- @AfterTest drop -->
  <testcase classname="e2EProject.SalesPageTest" name="@AfterTest drop" time="-1.599299116523E9">
    <skipped/>
  </testcase> <!-- @AfterTest drop -->
  <testcase classname="e2EProject.SalesPageTest" name="FilterChck" time="0.0">
    <skipped/>
  </testcase> <!-- FilterChck -->
  <testcase classname="e2EProject.FormValidationTest" name="ValidationCheckLogin" time="0.0">
    <skipped/>
  </testcase> <!-- ValidationCheckLogin -->
  <testcase classname="e2EProject.FormValidationTest" name="RequiredFieldCheck" time="0.0">
    <skipped/>
  </testcase> <!-- RequiredFieldCheck -->
</testsuite> <!-- Test -->
